# JRE version: OpenJDK Runtime Environment (8.0_202-b03) (build 1.8.0_202-release-1483-b03)
# Java VM: OpenJDK 64-Bit Server VM (25.202-b03 mixed mode windows-amd64 compressed oops)
Heap:
 PSYoungGen      total 59392K, used 7785K [0x00000000e0000000, 0x00000000e7880000, 0x0000000100000000)
  eden space 51200K, 0% used [0x00000000e0000000,0x00000000e0000000,0x00000000e3200000)
  from space 8192K, 95% used [0x00000000e7080000,0x00000000e781a400,0x00000000e7880000)
  to   space 9728K, 0% used [0x00000000e6580000,0x00000000e6580000,0x00000000e6f00000)
 ParOldGen       total 35840K, used 11642K [0x00000000a0000000, 0x00000000a2300000, 0x00000000e0000000)
  object space 35840K, 32% used [0x00000000a0000000,0x00000000a0b5e9d8,0x00000000a2300000)
 Metaspace       used 20730K, capacity 21134K, committed 21296K, reserved 1067008K
  class space    used 2960K, capacity 3119K, committed 3200K, reserved 1048576K
GC Heap History (10 events):
Event: 2.296 GC heap after
Heap after GC invocations=2 (full 0):
 PSYoungGen      total 28672K, used 2027K [0x00000000e0000000, 0x00000000e1e00000, 0x0000000100000000)
  eden space 26624K, 0% used [0x00000000e0000000,0x00000000e0000000,0x00000000e1a00000)
  from space 2048K, 99% used [0x00000000e1c00000,0x00000000e1dfaee8,0x00000000e1e00000)
  to   space 2048K, 0% used [0x00000000e1a00000,0x00000000e1a00000,0x00000000e1c00000)
 ParOldGen       total 35840K, used 1145K [0x00000000a0000000, 0x00000000a2300000, 0x00000000e0000000)
  object space 35840K, 3% used [0x00000000a0000000,0x00000000a011e478,0x00000000a2300000)
 Metaspace       used 6616K, capacity 6784K, committed 7040K, reserved 1056768K
  class space    used 811K, capacity 844K, committed 896K, reserved 1048576K
}
Event: 3.198 GC heap before
{Heap before GC invocations=3 (full 0):
 PSYoungGen      total 28672K, used 28651K [0x00000000e0000000, 0x00000000e1e00000, 0x0000000100000000)
  eden space 26624K, 100% used [0x00000000e0000000,0x00000000e1a00000,0x00000000e1a00000)
  from space 2048K, 99% used [0x00000000e1c00000,0x00000000e1dfaee8,0x00000000e1e00000)
  to   space 2048K, 0% used [0x00000000e1a00000,0x00000000e1a00000,0x00000000e1c00000)
 ParOldGen       total 35840K, used 1145K [0x00000000a0000000, 0x00000000a2300000, 0x00000000e0000000)
  object space 35840K, 3% used [0x00000000a0000000,0x00000000a011e478,0x00000000a2300000)
 Metaspace       used 6974K, capacity 7194K, committed 7424K, reserved 1056768K
  class space    used 872K, capacity 917K, committed 1024K, reserved 1048576K
Event: 3.209 GC heap after
Heap after GC invocations=3 (full 0):
 PSYoungGen      total 28672K, used 2048K [0x00000000e0000000, 0x00000000e3800000, 0x0000000100000000)
  eden space 26624K, 0% used [0x00000000e0000000,0x00000000e0000000,0x00000000e1a00000)
  from space 2048K, 100% used [0x00000000e1a00000,0x00000000e1c00000,0x00000000e1c00000)
  to   space 2048K, 0% used [0x00000000e3600000,0x00000000e3600000,0x00000000e3800000)
 ParOldGen       total 35840K, used 2253K [0x00000000a0000000, 0x00000000a2300000, 0x00000000e0000000)
  object space 35840K, 6% used [0x00000000a0000000,0x00000000a02334c0,0x00000000a2300000)
 Metaspace       used 6974K, capacity 7194K, committed 7424K, reserved 1056768K
  class space    used 872K, capacity 917K, committed 1024K, reserved 1048576K
}
Event: 9.612 GC heap before
{Heap before GC invocations=4 (full 0):
 PSYoungGen      total 28672K, used 28672K [0x00000000e0000000, 0x00000000e3800000, 0x0000000100000000)
  eden space 26624K, 100% used [0x00000000e0000000,0x00000000e1a00000,0x00000000e1a00000)
  from space 2048K, 100% used [0x00000000e1a00000,0x00000000e1c00000,0x00000000e1c00000)
  to   space 2048K, 0% used [0x00000000e3600000,0x00000000e3600000,0x00000000e3800000)
 ParOldGen       total 35840K, used 2253K [0x00000000a0000000, 0x00000000a2300000, 0x00000000e0000000)
  object space 35840K, 6% used [0x00000000a0000000,0x00000000a02334c0,0x00000000a2300000)
 Metaspace       used 12067K, capacity 12442K, committed 12544K, reserved 1060864K
  class space    used 1612K, capacity 1723K, committed 1792K, reserved 1048576K
Event: 9.629 GC heap after
Heap after GC invocations=4 (full 0):
 PSYoungGen      total 55296K, used 2048K [0x00000000e0000000, 0x00000000e3800000, 0x0000000100000000)
  eden space 53248K, 0% used [0x00000000e0000000,0x00000000e0000000,0x00000000e3400000)
  from space 2048K, 100% used [0x00000000e3600000,0x00000000e3800000,0x00000000e3800000)
  to   space 2048K, 0% used [0x00000000e3400000,0x00000000e3400000,0x00000000e3600000)
 ParOldGen       total 35840K, used 5636K [0x00000000a0000000, 0x00000000a2300000, 0x00000000e0000000)
  object space 35840K, 15% used [0x00000000a0000000,0x00000000a05810c8,0x00000000a2300000)
 Metaspace       used 12067K, capacity 12442K, committed 12544K, reserved 1060864K
  class space    used 1612K, capacity 1723K, committed 1792K, reserved 1048576K
}
Event: 12.444 GC heap before
{Heap before GC invocations=5 (full 0):
 PSYoungGen      total 55296K, used 55296K [0x00000000e0000000, 0x00000000e3800000, 0x0000000100000000)
  eden space 53248K, 100% used [0x00000000e0000000,0x00000000e3400000,0x00000000e3400000)
  from space 2048K, 100% used [0x00000000e3600000,0x00000000e3800000,0x00000000e3800000)
  to   space 2048K, 0% used [0x00000000e3400000,0x00000000e3400000,0x00000000e3600000)
 ParOldGen       total 35840K, used 5636K [0x00000000a0000000, 0x00000000a2300000, 0x00000000e0000000)
  object space 35840K, 15% used [0x00000000a0000000,0x00000000a05810c8,0x00000000a2300000)
 Metaspace       used 16365K, capacity 16832K, committed 17152K, reserved 1064960K
  class space    used 2326K, capacity 2488K, committed 2560K, reserved 1048576K
Event: 12.464 GC heap after
Heap after GC invocations=5 (full 0):
 PSYoungGen      total 55296K, used 2032K [0x00000000e0000000, 0x00000000e7900000, 0x0000000100000000)
  eden space 53248K, 0% used [0x00000000e0000000,0x00000000e0000000,0x00000000e3400000)
  from space 2048K, 99% used [0x00000000e3400000,0x00000000e35fc030,0x00000000e3600000)
  to   space 8704K, 0% used [0x00000000e7080000,0x00000000e7080000,0x00000000e7900000)
 ParOldGen       total 35840K, used 11634K [0x00000000a0000000, 0x00000000a2300000, 0x00000000e0000000)
  object space 35840K, 32% used [0x00000000a0000000,0x00000000a0b5c9d8,0x00000000a2300000)
 Metaspace       used 16365K, capacity 16832K, committed 17152K, reserved 1064960K
  class space    used 2326K, capacity 2488K, committed 2560K, reserved 1048576K
}
Event: 20.471 GC heap before
{Heap before GC invocations=6 (full 0):
 PSYoungGen      total 55296K, used 46289K [0x00000000e0000000, 0x00000000e7900000, 0x0000000100000000)
  eden space 53248K, 83% used [0x00000000e0000000,0x00000000e2b385d8,0x00000000e3400000)
  from space 2048K, 99% used [0x00000000e3400000,0x00000000e35fc030,0x00000000e3600000)
  to   space 8704K, 0% used [0x00000000e7080000,0x00000000e7080000,0x00000000e7900000)
 ParOldGen       total 35840K, used 11634K [0x00000000a0000000, 0x00000000a2300000, 0x00000000e0000000)
  object space 35840K, 32% used [0x00000000a0000000,0x00000000a0b5c9d8,0x00000000a2300000)
 Metaspace       used 20730K, capacity 21134K, committed 21296K, reserved 1067008K
  class space    used 2960K, capacity 3119K, committed 3200K, reserved 1048576K
Event: 20.490 GC heap after
Heap after GC invocations=6 (full 0):
 PSYoungGen      total 59392K, used 7785K [0x00000000e0000000, 0x00000000e7880000, 0x0000000100000000)
  eden space 51200K, 0% used [0x00000000e0000000,0x00000000e0000000,0x00000000e3200000)
  from space 8192K, 95% used [0x00000000e7080000,0x00000000e781a400,0x00000000e7880000)
  to   space 9728K, 0% used [0x00000000e6580000,0x00000000e6580000,0x00000000e6f00000)
 ParOldGen       total 35840K, used 11642K [0x00000000a0000000, 0x00000000a2300000, 0x00000000e0000000)
  object space 35840K, 32% used [0x00000000a0000000,0x00000000a0b5e9d8,0x00000000a2300000)
 Metaspace       used 20730K, capacity 21134K, committed 21296K, reserved 1067008K
  class space    used 2960K, capacity 3119K, committed 3200K, reserved 1048576K
}
Event: 20.490 GC heap before
{Heap before GC invocations=7 (full 1):
 PSYoungGen      total 59392K, used 7785K [0x00000000e0000000, 0x00000000e7880000, 0x0000000100000000)
  eden space 51200K, 0% used [0x00000000e0000000,0x00000000e0000000,0x00000000e3200000)
  from space 8192K, 95% used [0x00000000e7080000,0x00000000e781a400,0x00000000e7880000)
  to   space 9728K, 0% used [0x00000000e6580000,0x00000000e6580000,0x00000000e6f00000)
 ParOldGen       total 35840K, used 11642K [0x00000000a0000000, 0x00000000a2300000, 0x00000000e0000000)
  object space 35840K, 32% used [0x00000000a0000000,0x00000000a0b5e9d8,0x00000000a2300000)
 Metaspace       used 20730K, capacity 21134K, committed 21296K, reserved 1067008K
  class space    used 2960K, capacity 3119K, committed 3200K, reserved 1048576K

