# JRE version: OpenJDK Runtime Environment (8.0_202-b03) (build 1.8.0_202-release-1483-b03)
# Java VM: OpenJDK 64-Bit Server VM (25.202-b03 mixed mode windows-amd64 compressed oops)
Heap:
 PSYoungGen      total 17408K, used 1277K [0x00000000e0000000, 0x00000000e1580000, 0x0000000100000000)
  eden space 12800K, 0% used [0x00000000e0000000,0x00000000e0000000,0x00000000e0c80000)
  from space 4608K, 27% used [0x00000000e1100000,0x00000000e123f7d8,0x00000000e1580000)
  to   space 4608K, 0% used [0x00000000e0c80000,0x00000000e0c80000,0x00000000e1100000)
 ParOldGen       total 35840K, used 9531K [0x00000000a0000000, 0x00000000a2300000, 0x00000000e0000000)
  object space 35840K, 26% used [0x00000000a0000000,0x00000000a094efb0,0x00000000a2300000)
 Metaspace       used 20736K, capacity 21138K, committed 21296K, reserved 1067008K
  class space    used 2962K, capacity 3119K, committed 3200K, reserved 1048576K
GC Heap History (10 events):
Event: 38.361 GC heap after
Heap after GC invocations=10 (full 0):
 PSYoungGen      total 17408K, used 2284K [0x00000000e0000000, 0x00000000e1580000, 0x0000000100000000)
  eden space 12800K, 0% used [0x00000000e0000000,0x00000000e0000000,0x00000000e0c80000)
  from space 4608K, 49% used [0x00000000e1100000,0x00000000e133b3d0,0x00000000e1580000)
  to   space 4608K, 0% used [0x00000000e0c80000,0x00000000e0c80000,0x00000000e1100000)
 ParOldGen       total 35840K, used 7185K [0x00000000a0000000, 0x00000000a2300000, 0x00000000e0000000)
  object space 35840K, 20% used [0x00000000a0000000,0x00000000a07044f8,0x00000000a2300000)
 Metaspace       used 16365K, capacity 16772K, committed 16896K, reserved 1062912K
  class space    used 2325K, capacity 2488K, committed 2560K, reserved 1048576K
}
Event: 41.245 GC heap before
{Heap before GC invocations=11 (full 0):
 PSYoungGen      total 17408K, used 15084K [0x00000000e0000000, 0x00000000e1580000, 0x0000000100000000)
  eden space 12800K, 100% used [0x00000000e0000000,0x00000000e0c80000,0x00000000e0c80000)
  from space 4608K, 49% used [0x00000000e1100000,0x00000000e133b3d0,0x00000000e1580000)
  to   space 4608K, 0% used [0x00000000e0c80000,0x00000000e0c80000,0x00000000e1100000)
 ParOldGen       total 35840K, used 7185K [0x00000000a0000000, 0x00000000a2300000, 0x00000000e0000000)
  object space 35840K, 20% used [0x00000000a0000000,0x00000000a07044f8,0x00000000a2300000)
 Metaspace       used 17329K, capacity 17732K, committed 18048K, reserved 1064960K
  class space    used 2493K, capacity 2616K, committed 2688K, reserved 1048576K
Event: 41.250 GC heap after
Heap after GC invocations=11 (full 0):
 PSYoungGen      total 17408K, used 1372K [0x00000000e0000000, 0x00000000e1580000, 0x0000000100000000)
  eden space 12800K, 0% used [0x00000000e0000000,0x00000000e0000000,0x00000000e0c80000)
  from space 4608K, 29% used [0x00000000e0c80000,0x00000000e0dd7188,0x00000000e1100000)
  to   space 4608K, 0% used [0x00000000e1100000,0x00000000e1100000,0x00000000e1580000)
 ParOldGen       total 35840K, used 8068K [0x00000000a0000000, 0x00000000a2300000, 0x00000000e0000000)
  object space 35840K, 22% used [0x00000000a0000000,0x00000000a07e1070,0x00000000a2300000)
 Metaspace       used 17329K, capacity 17732K, committed 18048K, reserved 1064960K
  class space    used 2493K, capacity 2616K, committed 2688K, reserved 1048576K
}
Event: 45.357 GC heap before
{Heap before GC invocations=12 (full 0):
 PSYoungGen      total 17408K, used 14172K [0x00000000e0000000, 0x00000000e1580000, 0x0000000100000000)
  eden space 12800K, 100% used [0x00000000e0000000,0x00000000e0c80000,0x00000000e0c80000)
  from space 4608K, 29% used [0x00000000e0c80000,0x00000000e0dd7188,0x00000000e1100000)
  to   space 4608K, 0% used [0x00000000e1100000,0x00000000e1100000,0x00000000e1580000)
 ParOldGen       total 35840K, used 8068K [0x00000000a0000000, 0x00000000a2300000, 0x00000000e0000000)
  object space 35840K, 22% used [0x00000000a0000000,0x00000000a07e1070,0x00000000a2300000)
 Metaspace       used 18638K, capacity 19116K, committed 19328K, reserved 1064960K
  class space    used 2698K, capacity 2894K, committed 2944K, reserved 1048576K
Event: 45.366 GC heap after
Heap after GC invocations=12 (full 0):
 PSYoungGen      total 17408K, used 1962K [0x00000000e0000000, 0x00000000e1580000, 0x0000000100000000)
  eden space 12800K, 0% used [0x00000000e0000000,0x00000000e0000000,0x00000000e0c80000)
  from space 4608K, 42% used [0x00000000e1100000,0x00000000e12eaa68,0x00000000e1580000)
  to   space 4608K, 0% used [0x00000000e0c80000,0x00000000e0c80000,0x00000000e1100000)
 ParOldGen       total 35840K, used 8347K [0x00000000a0000000, 0x00000000a2300000, 0x00000000e0000000)
  object space 35840K, 23% used [0x00000000a0000000,0x00000000a0826f10,0x00000000a2300000)
 Metaspace       used 18638K, capacity 19116K, committed 19328K, reserved 1064960K
  class space    used 2698K, capacity 2894K, committed 2944K, reserved 1048576K
}
Event: 51.967 GC heap before
{Heap before GC invocations=13 (full 0):
 PSYoungGen      total 17408K, used 14762K [0x00000000e0000000, 0x00000000e1580000, 0x0000000100000000)
  eden space 12800K, 100% used [0x00000000e0000000,0x00000000e0c80000,0x00000000e0c80000)
  from space 4608K, 42% used [0x00000000e1100000,0x00000000e12eaa68,0x00000000e1580000)
  to   space 4608K, 0% used [0x00000000e0c80000,0x00000000e0c80000,0x00000000e1100000)
 ParOldGen       total 35840K, used 8347K [0x00000000a0000000, 0x00000000a2300000, 0x00000000e0000000)
  object space 35840K, 23% used [0x00000000a0000000,0x00000000a0826f10,0x00000000a2300000)
 Metaspace       used 20028K, capacity 20498K, committed 20736K, reserved 1067008K
  class space    used 2891K, capacity 3055K, committed 3072K, reserved 1048576K
Event: 51.975 GC heap after
Heap after GC invocations=13 (full 0):
 PSYoungGen      total 17408K, used 1563K [0x00000000e0000000, 0x00000000e1580000, 0x0000000100000000)
  eden space 12800K, 0% used [0x00000000e0000000,0x00000000e0000000,0x00000000e0c80000)
  from space 4608K, 33% used [0x00000000e0c80000,0x00000000e0e06d38,0x00000000e1100000)
  to   space 4608K, 0% used [0x00000000e1100000,0x00000000e1100000,0x00000000e1580000)
 ParOldGen       total 35840K, used 9143K [0x00000000a0000000, 0x00000000a2300000, 0x00000000e0000000)
  object space 35840K, 25% used [0x00000000a0000000,0x00000000a08edf90,0x00000000a2300000)
 Metaspace       used 20028K, capacity 20498K, committed 20736K, reserved 1067008K
  class space    used 2891K, capacity 3055K, committed 3072K, reserved 1048576K
}
Event: 52.521 GC heap before
{Heap before GC invocations=14 (full 0):
 PSYoungGen      total 17408K, used 6824K [0x00000000e0000000, 0x00000000e1580000, 0x0000000100000000)
  eden space 12800K, 41% used [0x00000000e0000000,0x00000000e0523340,0x00000000e0c80000)
  from space 4608K, 33% used [0x00000000e0c80000,0x00000000e0e06d38,0x00000000e1100000)
  to   space 4608K, 0% used [0x00000000e1100000,0x00000000e1100000,0x00000000e1580000)
 ParOldGen       total 35840K, used 9143K [0x00000000a0000000, 0x00000000a2300000, 0x00000000e0000000)
  object space 35840K, 25% used [0x00000000a0000000,0x00000000a08edf90,0x00000000a2300000)
 Metaspace       used 20736K, capacity 21138K, committed 21296K, reserved 1067008K
  class space    used 2962K, capacity 3119K, committed 3200K, reserved 1048576K
Event: 52.524 GC heap after
Heap after GC invocations=14 (full 0):
 PSYoungGen      total 17408K, used 1277K [0x00000000e0000000, 0x00000000e1580000, 0x0000000100000000)
  eden space 12800K, 0% used [0x00000000e0000000,0x00000000e0000000,0x00000000e0c80000)
  from space 4608K, 27% used [0x00000000e1100000,0x00000000e123f7d8,0x00000000e1580000)
  to   space 4608K, 0% used [0x00000000e0c80000,0x00000000e0c80000,0x00000000e1100000)
 ParOldGen       total 35840K, used 9531K [0x00000000a0000000, 0x00000000a2300000, 0x00000000e0000000)
  object space 35840K, 26% used [0x00000000a0000000,0x00000000a094efb0,0x00000000a2300000)
 Metaspace       used 20736K, capacity 21138K, committed 21296K, reserved 1067008K
  class space    used 2962K, capacity 3119K, committed 3200K, reserved 1048576K
}
Event: 52.524 GC heap before
{Heap before GC invocations=15 (full 1):
 PSYoungGen      total 17408K, used 1277K [0x00000000e0000000, 0x00000000e1580000, 0x0000000100000000)
  eden space 12800K, 0% used [0x00000000e0000000,0x00000000e0000000,0x00000000e0c80000)
  from space 4608K, 27% used [0x00000000e1100000,0x00000000e123f7d8,0x00000000e1580000)
  to   space 4608K, 0% used [0x00000000e0c80000,0x00000000e0c80000,0x00000000e1100000)
 ParOldGen       total 35840K, used 9531K [0x00000000a0000000, 0x00000000a2300000, 0x00000000e0000000)
  object space 35840K, 26% used [0x00000000a0000000,0x00000000a094efb0,0x00000000a2300000)
 Metaspace       used 20736K, capacity 21138K, committed 21296K, reserved 1067008K
  class space    used 2962K, capacity 3119K, committed 3200K, reserved 1048576K

